09:38:22.008 [main] INFO  miniwork.tests.UserTestCase - Test data setup is initiated
09:38:22.426 [main] INFO  miniwork.tests.UserTestCase - Test data setup is completed
09:38:22.453 [main] INFO  miniwork.tests.UserTestCase - ************ Create User Response ************
09:38:28.560 [main] INFO  miniwork.tests.UserTestCase - ************ Create User Completed ************
09:38:28.586 [main] INFO  miniwork.tests.UserTestCase - ************ Read User Response ************
09:38:30.228 [main] INFO  miniwork.tests.UserTestCase - ************ Read User Completed ************
09:38:30.236 [main] INFO  miniwork.tests.UserTestCase - ************ Update User Response ************
09:38:31.663 [main] INFO  miniwork.tests.UserTestCase - ************ Read User Response ************
09:38:33.299 [main] INFO  miniwork.tests.UserTestCase - ************ Read User Completed ************
09:38:33.300 [main] INFO  miniwork.tests.UserTestCase - ************ Update User Completed ************
09:38:33.304 [main] INFO  miniwork.tests.UserTestCase - ************ Delete User Response ************
09:38:34.700 [main] INFO  miniwork.tests.UserTestCase - ************ Delete User Completed ************
09:05:20.291 [main] INFO  miniwork.tests.UserTestCase - Test data setup is initiated
09:05:20.792 [main] INFO  miniwork.tests.UserTestCase - Test data setup is completed
09:05:20.825 [main] INFO  miniwork.tests.UserTestCase - ************ Create User Response ************
09:05:27.523 [main] INFO  miniwork.tests.UserTestCase - ************ Create User Completed ************
09:05:27.554 [main] INFO  miniwork.tests.UserTestCase - ************ Read User Response ************
09:05:29.112 [main] INFO  miniwork.tests.UserTestCase - ************ Read User Completed ************
09:05:29.118 [main] INFO  miniwork.tests.UserTestCase - ************ Update User Response ************
09:05:30.434 [main] INFO  miniwork.tests.UserTestCase - ************ Read User Response ************
09:05:31.882 [main] INFO  miniwork.tests.UserTestCase - ************ Read User Completed ************
09:05:31.882 [main] INFO  miniwork.tests.UserTestCase - ************ Update User Completed ************
09:05:31.886 [main] INFO  miniwork.tests.UserTestCase - ************ Delete User Response ************
09:05:33.235 [main] INFO  miniwork.tests.UserTestCase - ************ Delete User Completed ************
09:19:01.447 [main] INFO  miniwork.tests.UserTestCase - Test data setup is initiated
09:19:01.937 [main] INFO  miniwork.tests.UserTestCase - Test data setup is completed
09:19:01.974 [main] INFO  miniwork.tests.UserTestCase - ************ Create User Response ************
09:19:08.565 [main] INFO  miniwork.tests.UserTestCase - ************ Create User Completed ************
09:19:08.595 [main] INFO  miniwork.tests.UserTestCase - ************ Read User Response ************
09:19:10.245 [main] INFO  miniwork.tests.UserTestCase - ************ Read User Completed ************
09:19:10.251 [main] INFO  miniwork.tests.UserTestCase - ************ Update User Response ************
09:19:12.810 [main] INFO  miniwork.tests.UserTestCase - ************ Read User Response ************
09:19:14.394 [main] INFO  miniwork.tests.UserTestCase - ************ Read User Completed ************
09:19:14.394 [main] INFO  miniwork.tests.UserTestCase - ************ Update User Completed ************
09:19:14.398 [main] INFO  miniwork.tests.UserTestCase - ************ Delete User Response ************
09:19:15.764 [main] INFO  miniwork.tests.UserTestCase - ************ Delete User Completed ************
09:41:45.903 [main] INFO  miniwork.tests.UserTestCase - Test data setup is initiated
09:41:46.315 [main] INFO  miniwork.tests.UserTestCase - Test data setup is completed
09:41:46.343 [main] INFO  miniwork.tests.UserTestCase - ************ Create User Response ************
09:41:52.653 [main] INFO  miniwork.tests.UserTestCase - ************ Create User Completed ************
09:41:52.676 [main] INFO  miniwork.tests.UserTestCase - ************ Read User Response ************
09:41:54.170 [main] INFO  miniwork.tests.UserTestCase - ************ Read User Completed ************
09:41:54.178 [main] INFO  miniwork.tests.UserTestCase - ************ Update User Response ************
09:41:55.560 [main] INFO  miniwork.tests.UserTestCase - ************ Read User Response ************
09:41:57.059 [main] INFO  miniwork.tests.UserTestCase - ************ Read User Completed ************
09:41:57.059 [main] INFO  miniwork.tests.UserTestCase - ************ Update User Completed ************
09:41:57.065 [main] INFO  miniwork.tests.UserTestCase - ************ Delete User Response ************
09:41:58.496 [main] INFO  miniwork.tests.UserTestCase - ************ Delete User Completed ************
09:42:24.390 [main] INFO  miniwork.tests.UserTestCase - Test data setup is initiated
09:42:24.816 [main] INFO  miniwork.tests.UserTestCase - Test data setup is completed
09:42:24.846 [main] INFO  miniwork.tests.UserTestCase - ************ Create User Response ************
09:42:31.191 [main] INFO  miniwork.tests.UserTestCase - ************ Create User Completed ************
09:42:31.217 [main] INFO  miniwork.tests.UserTestCase - ************ Read User Response ************
09:42:32.843 [main] INFO  miniwork.tests.UserTestCase - ************ Read User Completed ************
09:42:32.850 [main] INFO  miniwork.tests.UserTestCase - ************ Update User Response ************
09:42:34.208 [main] INFO  miniwork.tests.UserTestCase - ************ Read User Response ************
09:42:35.785 [main] INFO  miniwork.tests.UserTestCase - ************ Read User Completed ************
09:42:35.785 [main] INFO  miniwork.tests.UserTestCase - ************ Update User Completed ************
09:42:35.789 [main] INFO  miniwork.tests.UserTestCase - ************ Delete User Response ************
09:42:37.169 [main] INFO  miniwork.tests.UserTestCase - ************ Delete User Completed ************
09:44:12.230 [main] INFO  miniwork.tests.UserTestCase - Test data setup is initiated
09:44:12.671 [main] INFO  miniwork.tests.UserTestCase - Test data setup is completed
09:44:12.721 [main] INFO  miniwork.tests.UserTestCase - ************ Create User Response ************
09:44:19.337 [main] INFO  miniwork.tests.UserTestCase - ************ Create User Completed ************
09:44:19.367 [main] INFO  miniwork.tests.UserTestCase - ************ Read User Response ************
09:44:20.979 [main] INFO  miniwork.tests.UserTestCase - ************ Read User Completed ************
09:44:20.985 [main] INFO  miniwork.tests.UserTestCase - ************ Update User Response ************
09:44:22.375 [main] INFO  miniwork.tests.UserTestCase - ************ Read User Response ************
09:44:24.003 [main] INFO  miniwork.tests.UserTestCase - ************ Read User Completed ************
09:44:24.004 [main] INFO  miniwork.tests.UserTestCase - ************ Update User Completed ************
09:44:24.007 [main] INFO  miniwork.tests.UserTestCase - ************ Delete User Response ************
09:44:25.358 [main] INFO  miniwork.tests.UserTestCase - ************ Delete User Completed ************
08:06:40.520 [main] DEBUG io.netty.util.internal.logging.InternalLoggerFactory - Using Log4J2 as the default logging framework
08:06:40.584 [main] DEBUG io.netty.util.ResourceLeakDetector - -Dio.netty.leakDetection.level: simple
08:06:40.584 [main] DEBUG io.netty.util.ResourceLeakDetector - -Dio.netty.leakDetection.targetRecords: 4
08:06:40.603 [main] DEBUG io.netty.util.ResourceLeakDetectorFactory - Loaded default ResourceLeakDetector: io.netty.util.ResourceLeakDetector@20a8a64e
08:06:40.647 [main] DEBUG io.netty.util.internal.PlatformDependent - Platform: Windows
08:06:40.649 [main] DEBUG io.netty.util.internal.PlatformDependent0 - -Dio.netty.noUnsafe: false
08:06:40.650 [main] DEBUG io.netty.util.internal.PlatformDependent0 - Java version: 20
08:06:40.652 [main] DEBUG io.netty.util.internal.PlatformDependent0 - sun.misc.Unsafe.theUnsafe: available
08:06:40.653 [main] DEBUG io.netty.util.internal.PlatformDependent0 - sun.misc.Unsafe.copyMemory: available
08:06:40.665 [main] DEBUG io.netty.util.internal.PlatformDependent0 - java.nio.Buffer.address: available
08:06:40.668 [main] DEBUG io.netty.util.internal.PlatformDependent0 - direct buffer constructor: unavailable
java.lang.UnsupportedOperationException: Reflective setAccessible(true) disabled
	at io.netty.util.internal.ReflectionUtil.trySetAccessible(ReflectionUtil.java:31) ~[netty-common-4.1.60.Final.jar:4.1.60.Final]
	at io.netty.util.internal.PlatformDependent0$4.run(PlatformDependent0.java:238) ~[netty-common-4.1.60.Final.jar:4.1.60.Final]
	at java.base/java.security.AccessController.doPrivileged(AccessController.java:319) ~[?:?]
	at io.netty.util.internal.PlatformDependent0.<clinit>(PlatformDependent0.java:232) ~[netty-common-4.1.60.Final.jar:4.1.60.Final]
	at io.netty.util.internal.PlatformDependent.isAndroid(PlatformDependent.java:294) ~[netty-common-4.1.60.Final.jar:4.1.60.Final]
	at io.netty.util.internal.PlatformDependent.<clinit>(PlatformDependent.java:93) ~[netty-common-4.1.60.Final.jar:4.1.60.Final]
	at io.netty.util.HashedWheelTimer.<init>(HashedWheelTimer.java:109) ~[netty-common-4.1.60.Final.jar:4.1.60.Final]
	at io.netty.util.HashedWheelTimer.<init>(HashedWheelTimer.java:218) ~[netty-common-4.1.60.Final.jar:4.1.60.Final]
	at io.netty.util.HashedWheelTimer.<init>(HashedWheelTimer.java:197) ~[netty-common-4.1.60.Final.jar:4.1.60.Final]
	at org.asynchttpclient.DefaultAsyncHttpClient.newNettyTimer(DefaultAsyncHttpClient.java:111) ~[async-http-client-2.12.3.jar:?]
	at org.asynchttpclient.DefaultAsyncHttpClient.<init>(DefaultAsyncHttpClient.java:90) ~[async-http-client-2.12.3.jar:?]
	at org.asynchttpclient.DefaultAsyncHttpClient.<init>(DefaultAsyncHttpClient.java:74) ~[async-http-client-2.12.3.jar:?]
	at org.asynchttpclient.Dsl.asyncHttpClient(Dsl.java:28) ~[async-http-client-2.12.3.jar:?]
	at async.AsyncRequestTestCase.asyncRequest(AsyncRequestTestCase.java:16) ~[test-classes/:?]
	at java.base/jdk.internal.reflect.DirectMethodHandleAccessor.invoke(DirectMethodHandleAccessor.java:104) ~[?:?]
	at java.base/java.lang.reflect.Method.invoke(Method.java:578) ~[?:?]
	at org.testng.internal.invokers.MethodInvocationHelper.invokeMethod(MethodInvocationHelper.java:139) ~[testng-7.8.0.jar:7.8.0]
	at org.testng.internal.invokers.TestInvoker.invokeMethod(TestInvoker.java:664) ~[testng-7.8.0.jar:7.8.0]
	at org.testng.internal.invokers.TestInvoker.invokeTestMethod(TestInvoker.java:227) ~[testng-7.8.0.jar:7.8.0]
	at org.testng.internal.invokers.MethodRunner.runInSequence(MethodRunner.java:50) ~[testng-7.8.0.jar:7.8.0]
	at org.testng.internal.invokers.TestInvoker$MethodInvocationAgent.invoke(TestInvoker.java:957) ~[testng-7.8.0.jar:7.8.0]
	at org.testng.internal.invokers.TestInvoker.invokeTestMethods(TestInvoker.java:200) ~[testng-7.8.0.jar:7.8.0]
	at org.testng.internal.invokers.TestMethodWorker.invokeTestMethods(TestMethodWorker.java:148) ~[testng-7.8.0.jar:7.8.0]
	at org.testng.internal.invokers.TestMethodWorker.run(TestMethodWorker.java:128) ~[testng-7.8.0.jar:7.8.0]
	at java.base/java.util.ArrayList.forEach(ArrayList.java:1511) [?:?]
	at org.testng.TestRunner.privateRun(TestRunner.java:848) [testng-7.8.0.jar:7.8.0]
	at org.testng.TestRunner.run(TestRunner.java:621) [testng-7.8.0.jar:7.8.0]
	at org.testng.SuiteRunner.runTest(SuiteRunner.java:443) [testng-7.8.0.jar:7.8.0]
	at org.testng.SuiteRunner.runSequentially(SuiteRunner.java:437) [testng-7.8.0.jar:7.8.0]
	at org.testng.SuiteRunner.privateRun(SuiteRunner.java:397) [testng-7.8.0.jar:7.8.0]
	at org.testng.SuiteRunner.run(SuiteRunner.java:336) [testng-7.8.0.jar:7.8.0]
	at org.testng.SuiteRunnerWorker.runSuite(SuiteRunnerWorker.java:52) [testng-7.8.0.jar:7.8.0]
	at org.testng.SuiteRunnerWorker.run(SuiteRunnerWorker.java:95) [testng-7.8.0.jar:7.8.0]
	at org.testng.TestNG.runSuitesSequentially(TestNG.java:1280) [testng-7.8.0.jar:7.8.0]
	at org.testng.TestNG.runSuitesLocally(TestNG.java:1200) [testng-7.8.0.jar:7.8.0]
	at org.testng.TestNG.runSuites(TestNG.java:1114) [testng-7.8.0.jar:7.8.0]
	at org.testng.TestNG.run(TestNG.java:1082) [testng-7.8.0.jar:7.8.0]
	at com.intellij.rt.testng.IDEARemoteTestNG.run(IDEARemoteTestNG.java:66) [testng-rt.jar:?]
	at com.intellij.rt.testng.RemoteTestNGStarter.main(RemoteTestNGStarter.java:105) [testng-rt.jar:?]
08:06:40.743 [main] DEBUG io.netty.util.internal.PlatformDependent0 - java.nio.Bits.unaligned: available, true
08:06:40.770 [main] DEBUG io.netty.util.internal.PlatformDependent0 - jdk.internal.misc.Unsafe.allocateUninitializedArray(int): unavailable
java.lang.IllegalAccessException: class io.netty.util.internal.PlatformDependent0$6 cannot access class jdk.internal.misc.Unsafe (in module java.base) because module java.base does not export jdk.internal.misc to unnamed module @5315b42e
	at java.base/jdk.internal.reflect.Reflection.newIllegalAccessException(Reflection.java:394) ~[?:?]
	at java.base/java.lang.reflect.AccessibleObject.checkAccess(AccessibleObject.java:709) ~[?:?]
	at java.base/java.lang.reflect.Method.invoke(Method.java:569) ~[?:?]
	at io.netty.util.internal.PlatformDependent0$6.run(PlatformDependent0.java:352) ~[netty-common-4.1.60.Final.jar:4.1.60.Final]
	at java.base/java.security.AccessController.doPrivileged(AccessController.java:319) ~[?:?]
	at io.netty.util.internal.PlatformDependent0.<clinit>(PlatformDependent0.java:343) ~[netty-common-4.1.60.Final.jar:4.1.60.Final]
	at io.netty.util.internal.PlatformDependent.isAndroid(PlatformDependent.java:294) ~[netty-common-4.1.60.Final.jar:4.1.60.Final]
	at io.netty.util.internal.PlatformDependent.<clinit>(PlatformDependent.java:93) ~[netty-common-4.1.60.Final.jar:4.1.60.Final]
	at io.netty.util.HashedWheelTimer.<init>(HashedWheelTimer.java:109) ~[netty-common-4.1.60.Final.jar:4.1.60.Final]
	at io.netty.util.HashedWheelTimer.<init>(HashedWheelTimer.java:218) ~[netty-common-4.1.60.Final.jar:4.1.60.Final]
	at io.netty.util.HashedWheelTimer.<init>(HashedWheelTimer.java:197) ~[netty-common-4.1.60.Final.jar:4.1.60.Final]
	at org.asynchttpclient.DefaultAsyncHttpClient.newNettyTimer(DefaultAsyncHttpClient.java:111) ~[async-http-client-2.12.3.jar:?]
	at org.asynchttpclient.DefaultAsyncHttpClient.<init>(DefaultAsyncHttpClient.java:90) ~[async-http-client-2.12.3.jar:?]
	at org.asynchttpclient.DefaultAsyncHttpClient.<init>(DefaultAsyncHttpClient.java:74) ~[async-http-client-2.12.3.jar:?]
	at org.asynchttpclient.Dsl.asyncHttpClient(Dsl.java:28) ~[async-http-client-2.12.3.jar:?]
	at async.AsyncRequestTestCase.asyncRequest(AsyncRequestTestCase.java:16) ~[test-classes/:?]
	at java.base/jdk.internal.reflect.DirectMethodHandleAccessor.invoke(DirectMethodHandleAccessor.java:104) ~[?:?]
	at java.base/java.lang.reflect.Method.invoke(Method.java:578) ~[?:?]
	at org.testng.internal.invokers.MethodInvocationHelper.invokeMethod(MethodInvocationHelper.java:139) ~[testng-7.8.0.jar:7.8.0]
	at org.testng.internal.invokers.TestInvoker.invokeMethod(TestInvoker.java:664) ~[testng-7.8.0.jar:7.8.0]
	at org.testng.internal.invokers.TestInvoker.invokeTestMethod(TestInvoker.java:227) ~[testng-7.8.0.jar:7.8.0]
	at org.testng.internal.invokers.MethodRunner.runInSequence(MethodRunner.java:50) ~[testng-7.8.0.jar:7.8.0]
	at org.testng.internal.invokers.TestInvoker$MethodInvocationAgent.invoke(TestInvoker.java:957) ~[testng-7.8.0.jar:7.8.0]
	at org.testng.internal.invokers.TestInvoker.invokeTestMethods(TestInvoker.java:200) ~[testng-7.8.0.jar:7.8.0]
	at org.testng.internal.invokers.TestMethodWorker.invokeTestMethods(TestMethodWorker.java:148) ~[testng-7.8.0.jar:7.8.0]
	at org.testng.internal.invokers.TestMethodWorker.run(TestMethodWorker.java:128) ~[testng-7.8.0.jar:7.8.0]
	at java.base/java.util.ArrayList.forEach(ArrayList.java:1511) [?:?]
	at org.testng.TestRunner.privateRun(TestRunner.java:848) [testng-7.8.0.jar:7.8.0]
	at org.testng.TestRunner.run(TestRunner.java:621) [testng-7.8.0.jar:7.8.0]
	at org.testng.SuiteRunner.runTest(SuiteRunner.java:443) [testng-7.8.0.jar:7.8.0]
	at org.testng.SuiteRunner.runSequentially(SuiteRunner.java:437) [testng-7.8.0.jar:7.8.0]
	at org.testng.SuiteRunner.privateRun(SuiteRunner.java:397) [testng-7.8.0.jar:7.8.0]
	at org.testng.SuiteRunner.run(SuiteRunner.java:336) [testng-7.8.0.jar:7.8.0]
	at org.testng.SuiteRunnerWorker.runSuite(SuiteRunnerWorker.java:52) [testng-7.8.0.jar:7.8.0]
	at org.testng.SuiteRunnerWorker.run(SuiteRunnerWorker.java:95) [testng-7.8.0.jar:7.8.0]
	at org.testng.TestNG.runSuitesSequentially(TestNG.java:1280) [testng-7.8.0.jar:7.8.0]
	at org.testng.TestNG.runSuitesLocally(TestNG.java:1200) [testng-7.8.0.jar:7.8.0]
	at org.testng.TestNG.runSuites(TestNG.java:1114) [testng-7.8.0.jar:7.8.0]
	at org.testng.TestNG.run(TestNG.java:1082) [testng-7.8.0.jar:7.8.0]
	at com.intellij.rt.testng.IDEARemoteTestNG.run(IDEARemoteTestNG.java:66) [testng-rt.jar:?]
	at com.intellij.rt.testng.RemoteTestNGStarter.main(RemoteTestNGStarter.java:105) [testng-rt.jar:?]
08:06:40.777 [main] DEBUG io.netty.util.internal.PlatformDependent0 - java.nio.DirectByteBuffer.<init>(long, int): unavailable
08:06:40.777 [main] DEBUG io.netty.util.internal.PlatformDependent - sun.misc.Unsafe: available
08:06:40.784 [main] DEBUG io.netty.util.internal.PlatformDependent - maxDirectMemory: 3191865344 bytes (maybe)
08:06:40.785 [main] DEBUG io.netty.util.internal.PlatformDependent - -Dio.netty.tmpdir: C:\Users\JAGATH~1\AppData\Local\Temp (java.io.tmpdir)
08:06:40.785 [main] DEBUG io.netty.util.internal.PlatformDependent - -Dio.netty.bitMode: 64 (sun.arch.data.model)
08:06:40.788 [main] DEBUG io.netty.util.internal.PlatformDependent - -Dio.netty.maxDirectMemory: -1 bytes
08:06:40.789 [main] DEBUG io.netty.util.internal.PlatformDependent - -Dio.netty.uninitializedArrayAllocationThreshold: -1
08:06:40.792 [main] DEBUG io.netty.util.internal.CleanerJava9 - java.nio.ByteBuffer.cleaner(): available
08:06:40.792 [main] DEBUG io.netty.util.internal.PlatformDependent - -Dio.netty.noPreferDirect: false
08:06:40.808 [main] DEBUG io.netty.util.internal.PlatformDependent - org.jctools-core.MpscChunkedArrayQueue: available
08:06:41.273 [main] DEBUG io.netty.handler.ssl.JdkSslContext - Default protocols (JDK): [TLSv1.3, TLSv1.2] 
08:06:41.273 [main] DEBUG io.netty.handler.ssl.JdkSslContext - Default cipher suites (JDK): [TLS_ECDHE_ECDSA_WITH_AES_256_GCM_SHA384, TLS_ECDHE_ECDSA_WITH_AES_128_GCM_SHA256, TLS_ECDHE_RSA_WITH_AES_128_GCM_SHA256, TLS_ECDHE_RSA_WITH_AES_256_GCM_SHA384, TLS_ECDHE_RSA_WITH_AES_128_CBC_SHA, TLS_ECDHE_RSA_WITH_AES_256_CBC_SHA, TLS_RSA_WITH_AES_128_GCM_SHA256, TLS_RSA_WITH_AES_128_CBC_SHA, TLS_RSA_WITH_AES_256_CBC_SHA, TLS_AES_128_GCM_SHA256, TLS_AES_256_GCM_SHA384]
08:06:41.322 [main] DEBUG io.netty.util.internal.InternalThreadLocalMap - -Dio.netty.threadLocalMap.stringBuilder.initialSize: 1024
08:06:41.322 [main] DEBUG io.netty.util.internal.InternalThreadLocalMap - -Dio.netty.threadLocalMap.stringBuilder.maxSize: 4096
08:06:41.333 [main] DEBUG io.netty.channel.MultithreadEventLoopGroup - -Dio.netty.eventLoopThreads: 8
08:06:41.348 [main] DEBUG io.netty.channel.nio.NioEventLoop - -Dio.netty.noKeySetOptimization: false
08:06:41.349 [main] DEBUG io.netty.channel.nio.NioEventLoop - -Dio.netty.selectorAutoRebuildThreshold: 512
08:06:41.420 [main] DEBUG io.netty.buffer.PooledByteBufAllocator - -Dio.netty.allocator.numHeapArenas: 8
08:06:41.420 [main] DEBUG io.netty.buffer.PooledByteBufAllocator - -Dio.netty.allocator.numDirectArenas: 8
08:06:41.420 [main] DEBUG io.netty.buffer.PooledByteBufAllocator - -Dio.netty.allocator.pageSize: 8192
08:06:41.420 [main] DEBUG io.netty.buffer.PooledByteBufAllocator - -Dio.netty.allocator.maxOrder: 11
08:06:41.420 [main] DEBUG io.netty.buffer.PooledByteBufAllocator - -Dio.netty.allocator.chunkSize: 16777216
08:06:41.420 [main] DEBUG io.netty.buffer.PooledByteBufAllocator - -Dio.netty.allocator.smallCacheSize: 256
08:06:41.421 [main] DEBUG io.netty.buffer.PooledByteBufAllocator - -Dio.netty.allocator.normalCacheSize: 64
08:06:41.421 [main] DEBUG io.netty.buffer.PooledByteBufAllocator - -Dio.netty.allocator.maxCachedBufferCapacity: 32768
08:06:41.421 [main] DEBUG io.netty.buffer.PooledByteBufAllocator - -Dio.netty.allocator.cacheTrimInterval: 8192
08:06:41.421 [main] DEBUG io.netty.buffer.PooledByteBufAllocator - -Dio.netty.allocator.cacheTrimIntervalMillis: 0
08:06:41.421 [main] DEBUG io.netty.buffer.PooledByteBufAllocator - -Dio.netty.allocator.useCacheForAllThreads: true
08:06:41.421 [main] DEBUG io.netty.buffer.PooledByteBufAllocator - -Dio.netty.allocator.maxCachedByteBuffersPerChunk: 1023
08:06:41.437 [main] DEBUG io.netty.buffer.ByteBufUtil - -Dio.netty.allocator.type: pooled
08:06:41.438 [main] DEBUG io.netty.buffer.ByteBufUtil - -Dio.netty.threadLocalDirectBufferSize: 0
08:06:41.438 [main] DEBUG io.netty.buffer.ByteBufUtil - -Dio.netty.maxThreadLocalCharBufferSize: 16384
08:06:41.823 [main] DEBUG io.netty.channel.DefaultChannelId - -Dio.netty.processId: 11044 (auto-detected)
08:06:41.833 [main] DEBUG io.netty.util.NetUtil - -Djava.net.preferIPv4Stack: false
08:06:41.834 [main] DEBUG io.netty.util.NetUtil - -Djava.net.preferIPv6Addresses: false
08:06:41.877 [main] DEBUG io.netty.util.NetUtilInitializations - Loopback interface: lo (Software Loopback Interface 1, 127.0.0.1)
08:06:41.881 [main] DEBUG io.netty.util.NetUtil - Failed to get SOMAXCONN from sysctl and file \proc\sys\net\core\somaxconn. Default: 200
08:06:41.965 [main] DEBUG io.netty.channel.DefaultChannelId - -Dio.netty.machineId: 0c:96:e6:ff:fe:e2:13:b7 (auto-detected)
08:06:42.048 [AsyncHttpClient-3-1] DEBUG io.netty.buffer.AbstractByteBuf - -Dio.netty.buffer.checkAccessible: true
08:06:42.049 [AsyncHttpClient-3-1] DEBUG io.netty.buffer.AbstractByteBuf - -Dio.netty.buffer.checkBounds: true
08:06:42.050 [AsyncHttpClient-3-1] DEBUG io.netty.util.ResourceLeakDetectorFactory - Loaded default ResourceLeakDetector: io.netty.util.ResourceLeakDetector@15261df0
08:06:42.389 [AsyncHttpClient-3-1] DEBUG io.netty.util.Recycler - -Dio.netty.recycler.maxCapacityPerThread: 4096
08:06:42.389 [AsyncHttpClient-3-1] DEBUG io.netty.util.Recycler - -Dio.netty.recycler.maxSharedCapacityFactor: 2
08:06:42.389 [AsyncHttpClient-3-1] DEBUG io.netty.util.Recycler - -Dio.netty.recycler.linkCapacity: 16
08:06:42.389 [AsyncHttpClient-3-1] DEBUG io.netty.util.Recycler - -Dio.netty.recycler.ratio: 8
08:06:42.390 [AsyncHttpClient-3-1] DEBUG io.netty.util.Recycler - -Dio.netty.recycler.delayedQueue.ratio: 8
08:06:43.109 [AsyncHttpClient-3-1] DEBUG io.netty.handler.ssl.SslHandler - [id: 0x03350640, L:/192.168.1.2:5830 - R:reqres.in/104.26.10.213:443] HANDSHAKEN: protocol:TLSv1.2 cipher suite:TLS_ECDHE_ECDSA_WITH_AES_128_GCM_SHA256
